# JRE version: Java(TM) SE Runtime Environment (8.0_91-b14) (build 1.8.0_91-b14)
# Java VM: Java HotSpot(TM) 64-Bit Server VM (25.91-b14 mixed mode windows-amd64 compressed oops)
Heap:
 PSYoungGen      total 175104K, used 12972K [0x00000000e0400000, 0x00000000ee480000, 0x0000000100000000)
  eden space 153088K, 8% used [0x00000000e0400000,0x00000000e10ab240,0x00000000e9980000)
  from space 22016K, 0% used [0x00000000e9980000,0x00000000e9980000,0x00000000eaf00000)
  to   space 23040K, 0% used [0x00000000ece00000,0x00000000ece00000,0x00000000ee480000)
 ParOldGen       total 123904K, used 43669K [0x00000000a0c00000, 0x00000000a8500000, 0x00000000e0400000)
  object space 123904K, 35% used [0x00000000a0c00000,0x00000000a36a54a0,0x00000000a8500000)
 Metaspace       used 57982K, capacity 60202K, committed 60436K, reserved 1101824K
  class space    used 7330K, capacity 7796K, committed 7808K, reserved 1048576K
GC Heap History (10 events):
Event: 12.396 GC heap before
{Heap before GC invocations=12 (full 2):
 PSYoungGen      total 140288K, used 13803K [0x00000000e0400000, 0x00000000ea800000, 0x0000000100000000)
  eden space 126464K, 0% used [0x00000000e0400000,0x00000000e0400000,0x00000000e7f80000)
  from space 13824K, 99% used [0x00000000e9100000,0x00000000e9e7ad18,0x00000000e9e80000)
  to   space 17920K, 0% used [0x00000000e7f80000,0x00000000e7f80000,0x00000000e9100000)
 ParOldGen       total 55808K, used 26037K [0x00000000a0c00000, 0x00000000a4280000, 0x00000000e0400000)
  object space 55808K, 46% used [0x00000000a0c00000,0x00000000a256d7d8,0x00000000a4280000)
 Metaspace       used 34251K, capacity 35314K, committed 35416K, reserved 1081344K
  class space    used 4289K, capacity 4582K, committed 4608K, reserved 1048576K
Event: 12.536 GC heap after
Heap after GC invocations=12 (full 2):
 PSYoungGen      total 140288K, used 0K [0x00000000e0400000, 0x00000000ea800000, 0x0000000100000000)
  eden space 126464K, 0% used [0x00000000e0400000,0x00000000e0400000,0x00000000e7f80000)
  from space 13824K, 0% used [0x00000000e9100000,0x00000000e9100000,0x00000000e9e80000)
  to   space 17920K, 0% used [0x00000000e7f80000,0x00000000e7f80000,0x00000000e9100000)
 ParOldGen       total 94208K, used 34087K [0x00000000a0c00000, 0x00000000a6800000, 0x00000000e0400000)
  object space 94208K, 36% used [0x00000000a0c00000,0x00000000a2d49d38,0x00000000a6800000)
 Metaspace       used 34251K, capacity 35314K, committed 35416K, reserved 1081344K
  class space    used 4289K, capacity 4582K, committed 4608K, reserved 1048576K
}
Event: 14.451 GC heap before
{Heap before GC invocations=13 (full 2):
 PSYoungGen      total 140288K, used 126464K [0x00000000e0400000, 0x00000000ea800000, 0x0000000100000000)
  eden space 126464K, 100% used [0x00000000e0400000,0x00000000e7f80000,0x00000000e7f80000)
  from space 13824K, 0% used [0x00000000e9100000,0x00000000e9100000,0x00000000e9e80000)
  to   space 17920K, 0% used [0x00000000e7f80000,0x00000000e7f80000,0x00000000e9100000)
 ParOldGen       total 94208K, used 34087K [0x00000000a0c00000, 0x00000000a6800000, 0x00000000e0400000)
  object space 94208K, 36% used [0x00000000a0c00000,0x00000000a2d49d38,0x00000000a6800000)
 Metaspace       used 45839K, capacity 47378K, committed 47616K, reserved 1091584K
  class space    used 5745K, capacity 6134K, committed 6144K, reserved 1048576K
Event: 14.469 GC heap after
Heap after GC invocations=13 (full 2):
 PSYoungGen      total 144384K, used 14752K [0x00000000e0400000, 0x00000000ec200000, 0x0000000100000000)
  eden space 126464K, 0% used [0x00000000e0400000,0x00000000e0400000,0x00000000e7f80000)
  from space 17920K, 82% used [0x00000000e7f80000,0x00000000e8de8340,0x00000000e9100000)
  to   space 19456K, 0% used [0x00000000eaf00000,0x00000000eaf00000,0x00000000ec200000)
 ParOldGen       total 94208K, used 34159K [0x00000000a0c00000, 0x00000000a6800000, 0x00000000e0400000)
  object space 94208K, 36% used [0x00000000a0c00000,0x00000000a2d5bd48,0x00000000a6800000)
 Metaspace       used 45839K, capacity 47378K, committed 47616K, reserved 1091584K
  class space    used 5745K, capacity 6134K, committed 6144K, reserved 1048576K
}
Event: 16.731 GC heap before
{Heap before GC invocations=14 (full 2):
 PSYoungGen      total 144384K, used 141216K [0x00000000e0400000, 0x00000000ec200000, 0x0000000100000000)
  eden space 126464K, 100% used [0x00000000e0400000,0x00000000e7f80000,0x00000000e7f80000)
  from space 17920K, 82% used [0x00000000e7f80000,0x00000000e8de8340,0x00000000e9100000)
  to   space 19456K, 0% used [0x00000000eaf00000,0x00000000eaf00000,0x00000000ec200000)
 ParOldGen       total 94208K, used 34159K [0x00000000a0c00000, 0x00000000a6800000, 0x00000000e0400000)
  object space 94208K, 36% used [0x00000000a0c00000,0x00000000a2d5bd48,0x00000000a6800000)
 Metaspace       used 53946K, capacity 55872K, committed 56192K, reserved 1097728K
  class space    used 6802K, capacity 7227K, committed 7296K, reserved 1048576K
Event: 16.769 GC heap after
Heap after GC invocations=14 (full 2):
 PSYoungGen      total 172544K, used 19198K [0x00000000e0400000, 0x00000000ec800000, 0x0000000100000000)
  eden space 153088K, 0% used [0x00000000e0400000,0x00000000e0400000,0x00000000e9980000)
  from space 19456K, 98% used [0x00000000eaf00000,0x00000000ec1bf9e0,0x00000000ec200000)
  to   space 22016K, 0% used [0x00000000e9980000,0x00000000e9980000,0x00000000eaf00000)
 ParOldGen       total 94208K, used 34167K [0x00000000a0c00000, 0x00000000a6800000, 0x00000000e0400000)
  object space 94208K, 36% used [0x00000000a0c00000,0x00000000a2d5dd48,0x00000000a6800000)
 Metaspace       used 53946K, capacity 55872K, committed 56192K, reserved 1097728K
  class space    used 6802K, capacity 7227K, committed 7296K, reserved 1048576K
}
Event: 86.030 GC heap before
{Heap before GC invocations=15 (full 2):
 PSYoungGen      total 172544K, used 100244K [0x00000000e0400000, 0x00000000ec800000, 0x0000000100000000)
  eden space 153088K, 52% used [0x00000000e0400000,0x00000000e53258d8,0x00000000e9980000)
  from space 19456K, 98% used [0x00000000eaf00000,0x00000000ec1bf9e0,0x00000000ec200000)
  to   space 22016K, 0% used [0x00000000e9980000,0x00000000e9980000,0x00000000eaf00000)
 ParOldGen       total 94208K, used 34167K [0x00000000a0c00000, 0x00000000a6800000, 0x00000000e0400000)
  object space 94208K, 36% used [0x00000000a0c00000,0x00000000a2d5dd48,0x00000000a6800000)
 Metaspace       used 56822K, capacity 58954K, committed 59028K, reserved 1101824K
  class space    used 7178K, capacity 7646K, committed 7680K, reserved 1048576K
Event: 86.056 GC heap after
Heap after GC invocations=15 (full 2):
 PSYoungGen      total 175104K, used 16869K [0x00000000e0400000, 0x00000000ee480000, 0x0000000100000000)
  eden space 153088K, 0% used [0x00000000e0400000,0x00000000e0400000,0x00000000e9980000)
  from space 22016K, 76% used [0x00000000e9980000,0x00000000ea9f95d0,0x00000000eaf00000)
  to   space 23040K, 0% used [0x00000000ece00000,0x00000000ece00000,0x00000000ee480000)
 ParOldGen       total 94208K, used 34175K [0x00000000a0c00000, 0x00000000a6800000, 0x00000000e0400000)
  object space 94208K, 36% used [0x00000000a0c00000,0x00000000a2d5fd48,0x00000000a6800000)
 Metaspace       used 56822K, capacity 58954K, committed 59028K, reserved 1101824K
  class space    used 7178K, capacity 7646K, committed 7680K, reserved 1048576K
}
Event: 86.056 GC heap before
{Heap before GC invocations=16 (full 3):
 PSYoungGen      total 175104K, used 16869K [0x00000000e0400000, 0x00000000ee480000, 0x0000000100000000)
  eden space 153088K, 0% used [0x00000000e0400000,0x00000000e0400000,0x00000000e9980000)
  from space 22016K, 76% used [0x00000000e9980000,0x00000000ea9f95d0,0x00000000eaf00000)
  to   space 23040K, 0% used [0x00000000ece00000,0x00000000ece00000,0x00000000ee480000)
 ParOldGen       total 94208K, used 34175K [0x00000000a0c00000, 0x00000000a6800000, 0x00000000e0400000)
  object space 94208K, 36% used [0x00000000a0c00000,0x00000000a2d5fd48,0x00000000a6800000)
 Metaspace       used 56822K, capacity 58954K, committed 59028K, reserved 1101824K
  class space    used 7178K, capacity 7646K, committed 7680K, reserved 1048576K
Event: 86.257 GC heap after
Heap after GC invocations=16 (full 3):
 PSYoungGen      total 175104K, used 0K [0x00000000e0400000, 0x00000000ee480000, 0x0000000100000000)
  eden space 153088K, 0% used [0x00000000e0400000,0x00000000e0400000,0x00000000e9980000)
  from space 22016K, 0% used [0x00000000e9980000,0x00000000e9980000,0x00000000eaf00000)
  to   space 23040K, 0% used [0x00000000ece00000,0x00000000ece00000,0x00000000ee480000)
 ParOldGen       total 123904K, used 43669K [0x00000000a0c00000, 0x00000000a8500000, 0x00000000e0400000)
  object space 123904K, 35% used [0x00000000a0c00000,0x00000000a36a54a0,0x00000000a8500000)
 Metaspace       used 56822K, capacity 58954K, committed 59028K, reserved 1101824K
  class space    used 7178K, capacity 7646K, committed 7680K, reserved 1048576K
}

